d:\learn\opencv\opencv\code\project1\project1\x64\debug\vc141.pdb
d:\learn\opencv\opencv\code\project1\project1\x64\debug\vc141.idb
d:\learn\opencv\opencv\code\project1\project1\x64\debug\project1.obj
d:\learn\opencv\opencv\code\project1\project1\x64\debug\project2.obj
d:\learn\opencv\opencv\code\project1\project1\x64\debug\project3.obj
d:\learn\opencv\opencv\code\project1\project1\x64\debug\project4.obj
d:\learn\opencv\opencv\code\project1\project1\x64\debug\vc143.pdb
d:\learn\opencv\opencv\code\project1\project1\x64\debug\vc143.idb
d:\learn\opencv\opencv\code\project1\x64\debug\project1.exe
d:\learn\opencv\opencv\code\project1\x64\debug\project1.ilk
d:\learn\opencv\opencv\code\project1\x64\debug\project1.pdb
d:\learn\opencv\opencv\code\project1\project1\x64\debug\project1.tlog\cl.command.1.tlog
d:\learn\opencv\opencv\code\project1\project1\x64\debug\project1.tlog\cl.read.1.tlog
d:\learn\opencv\opencv\code\project1\project1\x64\debug\project1.tlog\cl.write.1.tlog
d:\learn\opencv\opencv\code\project1\project1\x64\debug\project1.tlog\link-cvtres.read.1.tlog
d:\learn\opencv\opencv\code\project1\project1\x64\debug\project1.tlog\link-cvtres.write.1.tlog
d:\learn\opencv\opencv\code\project1\project1\x64\debug\project1.tlog\link-rc.read.1.tlog
d:\learn\opencv\opencv\code\project1\project1\x64\debug\project1.tlog\link-rc.write.1.tlog
d:\learn\opencv\opencv\code\project1\project1\x64\debug\project1.tlog\link.21892-cvtres.read.1.tlog
d:\learn\opencv\opencv\code\project1\project1\x64\debug\project1.tlog\link.21892-cvtres.write.1.tlog
d:\learn\opencv\opencv\code\project1\project1\x64\debug\project1.tlog\link.21892-rc.read.1.tlog
d:\learn\opencv\opencv\code\project1\project1\x64\debug\project1.tlog\link.21892-rc.write.1.tlog
d:\learn\opencv\opencv\code\project1\project1\x64\debug\project1.tlog\link.21892.read.1.tlog
d:\learn\opencv\opencv\code\project1\project1\x64\debug\project1.tlog\link.21892.write.1.tlog
d:\learn\opencv\opencv\code\project1\project1\x64\debug\project1.tlog\link.command.1.tlog
d:\learn\opencv\opencv\code\project1\project1\x64\debug\project1.tlog\link.read.1.tlog
d:\learn\opencv\opencv\code\project1\project1\x64\debug\project1.tlog\link.read.2.tlog
d:\learn\opencv\opencv\code\project1\project1\x64\debug\project1.tlog\link.read.3.tlog
d:\learn\opencv\opencv\code\project1\project1\x64\debug\project1.tlog\link.write.1.tlog
